2022/07/23 20:29:21 [notice] 1#1: using the "epoll" event method
2022/07/23 20:29:21 [notice] 1#1: nginx/1.23.1
2022/07/23 20:29:21 [notice] 1#1: built by gcc 10.2.1 20210110 (Debian 10.2.1-6) 
2022/07/23 20:29:21 [notice] 1#1: OS: Linux 5.10.76-linuxkit
2022/07/23 20:29:21 [notice] 1#1: getrlimit(RLIMIT_NOFILE): 1048576:1048576
2022/07/23 20:29:21 [notice] 1#1: start worker processes
2022/07/23 20:29:21 [notice] 1#1: start worker process 22
2022/07/23 20:29:21 [notice] 1#1: start worker process 23
2022/07/23 20:29:21 [notice] 1#1: start worker process 24
2022/07/23 20:29:21 [notice] 1#1: start worker process 25
2022/07/23 20:29:21 [notice] 1#1: start worker process 26
2022/07/23 20:29:21 [notice] 1#1: start worker process 27
2022/07/23 20:33:05 [notice] 1#1: signal 3 (SIGQUIT) received, shutting down
2022/07/23 20:33:05 [notice] 24#24: gracefully shutting down
2022/07/23 20:33:05 [notice] 24#24: exiting
2022/07/23 20:33:05 [notice] 22#22: gracefully shutting down
2022/07/23 20:33:05 [notice] 22#22: exiting
2022/07/23 20:33:05 [notice] 23#23: gracefully shutting down
2022/07/23 20:33:05 [notice] 23#23: exiting
2022/07/23 20:33:05 [notice] 26#26: gracefully shutting down
2022/07/23 20:33:05 [notice] 26#26: exiting
2022/07/23 20:33:05 [notice] 25#25: gracefully shutting down
2022/07/23 20:33:05 [notice] 27#27: gracefully shutting down
2022/07/23 20:33:05 [notice] 24#24: exit
2022/07/23 20:33:05 [notice] 22#22: exit
2022/07/23 20:33:05 [notice] 23#23: exit
2022/07/23 20:33:05 [notice] 26#26: exit
2022/07/23 20:33:05 [notice] 25#25: exiting
2022/07/23 20:33:05 [notice] 27#27: exiting
2022/07/23 20:33:05 [notice] 25#25: exit
2022/07/23 20:33:05 [notice] 27#27: exit
2022/07/23 20:33:05 [notice] 1#1: signal 17 (SIGCHLD) received from 25
2022/07/23 20:33:05 [notice] 1#1: worker process 23 exited with code 0
2022/07/23 20:33:05 [notice] 1#1: worker process 25 exited with code 0
2022/07/23 20:33:05 [notice] 1#1: signal 29 (SIGIO) received
2022/07/23 20:33:05 [notice] 1#1: signal 17 (SIGCHLD) received from 23
2022/07/23 20:33:05 [notice] 1#1: worker process 22 exited with code 0
2022/07/23 20:33:05 [notice] 1#1: signal 17 (SIGCHLD) received from 22
2022/07/23 20:33:05 [notice] 1#1: worker process 24 exited with code 0
2022/07/23 20:33:05 [notice] 1#1: worker process 26 exited with code 0
2022/07/23 20:33:05 [notice] 1#1: worker process 27 exited with code 0
2022/07/23 20:33:05 [notice] 1#1: exit
2022/07/23 20:35:55 [notice] 1#1: using the "epoll" event method
2022/07/23 20:35:55 [notice] 1#1: nginx/1.23.1
2022/07/23 20:35:55 [notice] 1#1: built by gcc 10.2.1 20210110 (Debian 10.2.1-6) 
2022/07/23 20:35:55 [notice] 1#1: OS: Linux 5.10.76-linuxkit
2022/07/23 20:35:55 [notice] 1#1: getrlimit(RLIMIT_NOFILE): 1048576:1048576
2022/07/23 20:35:55 [notice] 1#1: start worker processes
2022/07/23 20:35:55 [notice] 1#1: start worker process 24
2022/07/23 20:35:55 [notice] 1#1: start worker process 25
2022/07/23 20:35:55 [notice] 1#1: start worker process 26
2022/07/23 20:35:55 [notice] 1#1: start worker process 27
2022/07/23 20:35:55 [notice] 1#1: start worker process 28
2022/07/23 20:35:55 [notice] 1#1: start worker process 29
2022/07/23 20:36:05 [error] 24#24: *1 FastCGI sent in stderr: "Primary script unknown" while reading response header from upstream, client: 172.19.0.1, server: localhost, request: "GET /index.php HTTP/1.1", upstream: "fastcgi://172.19.0.4:9000", host: "127.0.0.1"
2022/07/23 20:36:05 [error] 24#24: *1 open() "/home/www/favicon.ico" failed (2: No such file or directory), client: 172.19.0.1, server: localhost, request: "GET /favicon.ico HTTP/1.1", host: "127.0.0.1", referrer: "http://127.0.0.1/index.php"
2022/07/23 20:36:36 [error] 24#24: *1 FastCGI sent in stderr: "Primary script unknown" while reading response header from upstream, client: 172.19.0.1, server: localhost, request: "GET /index.php HTTP/1.1", upstream: "fastcgi://172.19.0.4:9000", host: "127.0.0.1"
2022/07/23 20:36:37 [error] 24#24: *1 FastCGI sent in stderr: "Primary script unknown" while reading response header from upstream, client: 172.19.0.1, server: localhost, request: "GET /index.php HTTP/1.1", upstream: "fastcgi://172.19.0.4:9000", host: "127.0.0.1"
2022/07/23 20:36:37 [error] 24#24: *1 FastCGI sent in stderr: "Primary script unknown" while reading response header from upstream, client: 172.19.0.1, server: localhost, request: "GET /index.php HTTP/1.1", upstream: "fastcgi://172.19.0.4:9000", host: "127.0.0.1"
2022/07/23 20:36:38 [error] 24#24: *1 FastCGI sent in stderr: "Primary script unknown" while reading response header from upstream, client: 172.19.0.1, server: localhost, request: "GET /index.php HTTP/1.1", upstream: "fastcgi://172.19.0.4:9000", host: "127.0.0.1"
2022/07/23 20:43:29 [notice] 1#1: signal 3 (SIGQUIT) received, shutting down
2022/07/23 20:43:29 [notice] 24#24: gracefully shutting down
2022/07/23 20:43:29 [notice] 24#24: exiting
2022/07/23 20:43:29 [notice] 25#25: gracefully shutting down
2022/07/23 20:43:29 [notice] 25#25: exiting
2022/07/23 20:43:29 [notice] 26#26: gracefully shutting down
2022/07/23 20:43:29 [notice] 26#26: exiting
2022/07/23 20:43:29 [notice] 29#29: gracefully shutting down
2022/07/23 20:43:29 [notice] 29#29: exiting
2022/07/23 20:43:29 [notice] 28#28: gracefully shutting down
2022/07/23 20:43:29 [notice] 28#28: exiting
2022/07/23 20:43:29 [notice] 27#27: gracefully shutting down
2022/07/23 20:43:29 [notice] 24#24: exit
2022/07/23 20:43:29 [notice] 25#25: exit
2022/07/23 20:43:29 [notice] 26#26: exit
2022/07/23 20:43:29 [notice] 29#29: exit
2022/07/23 20:43:29 [notice] 28#28: exit
2022/07/23 20:43:29 [notice] 27#27: exiting
2022/07/23 20:43:29 [notice] 27#27: exit
2022/07/23 20:43:29 [notice] 1#1: signal 17 (SIGCHLD) received from 24
2022/07/23 20:43:29 [notice] 1#1: worker process 24 exited with code 0
2022/07/23 20:43:29 [notice] 1#1: signal 29 (SIGIO) received
2022/07/23 20:43:29 [notice] 1#1: signal 17 (SIGCHLD) received from 29
2022/07/23 20:43:29 [notice] 1#1: worker process 25 exited with code 0
2022/07/23 20:43:29 [notice] 1#1: worker process 26 exited with code 0
2022/07/23 20:43:29 [notice] 1#1: worker process 29 exited with code 0
2022/07/23 20:43:29 [notice] 1#1: signal 29 (SIGIO) received
2022/07/23 20:43:29 [notice] 1#1: signal 17 (SIGCHLD) received from 25
2022/07/23 20:43:29 [notice] 1#1: worker process 27 exited with code 0
2022/07/23 20:43:29 [notice] 1#1: signal 17 (SIGCHLD) received from 27
2022/07/23 20:43:29 [notice] 1#1: worker process 28 exited with code 0
2022/07/23 20:43:29 [notice] 1#1: exit
